<?xml version="1.0" encoding="UTF-8"?>
<testsuite xmlns:xsi="http://www.w3.org/2001/XMLSchema-instance" xsi:noNamespaceSchemaLocation="https://maven.apache.org/surefire/maven-surefire-plugin/xsd/surefire-test-report-3.0.xsd" version="3.0" name="com.darwinfont.demorabbitmq.ProducerImpRabbitmqApplicationTests" time="4.825" tests="1" errors="0" skipped="0" failures="0">
  <properties>
[...]
</properties>
  <testcase name="contextLoads" classname="com.darwinfont.demorabbitmq.ProducerImpRabbitmqApplicationTests" time="1.087">
    <system-out><![CDATA[00:06:18.734 [main] INFO org.springframework.test.context.support.AnnotationConfigContextLoaderUtils -- Could not detect default configuration classes for test class [com.darwinfont.demorabbitmq.ProducerImpRabbitmqApplicationTests]: ProducerImpRabbitmqApplicationTests does not declare any static, non-private, non-final, nested classes annotated with @Configuration.
00:06:18.857 [main] INFO org.springframework.boot.test.context.SpringBootTestContextBootstrapper -- Found @SpringBootConfiguration com.darwinfont.demorabbitmq.ProducerRabbitmqApplication for test class com.darwinfont.demorabbitmq.ProducerImpRabbitmqApplicationTests

  .   ____          _            __ _ _
 /\\ / ___'_ __ _ _(_)_ __  __ _ \ \ \ \
( ( )\___ | '_ | '_| | '_ \/ _` | \ \ \ \
 \\/  ___)| |_)| | | | | || (_| |  ) ) ) )
  '  |____| .__|_| |_|_| |_\__, | / / / /
 =========|_|==============|___/=/_/_/_/
 :: Spring Boot ::                (v3.1.6)

2023-12-03T00:06:19.375-03:00  INFO 653656 --- [           main] .d.d.ProducerImpRabbitmqApplicationTests : Starting ProducerImpRabbitmqApplicationTests using Java 17.0.9 with PID 653656 (started by darwin in /home/darwin/Escritorio/proyects/rabbitmq/producer-rabbitmq)
2023-12-03T00:06:19.377-03:00  INFO 653656 --- [           main] .d.d.ProducerImpRabbitmqApplicationTests : No active profile set, falling back to 1 default profile: "default"
2023-12-03T00:06:20.318-03:00  INFO 653656 --- [           main] faultConfiguringBeanFactoryPostProcessor : No bean named 'errorChannel' has been explicitly defined. Therefore, a default PublishSubscribeChannel will be created.
2023-12-03T00:06:20.332-03:00  INFO 653656 --- [           main] faultConfiguringBeanFactoryPostProcessor : No bean named 'integrationHeaderChannelRegistry' has been explicitly defined. Therefore, a default DefaultHeaderChannelRegistry will be created.
2023-12-03T00:06:22.084-03:00  INFO 653656 --- [           main] o.s.i.endpoint.EventDrivenConsumer       : Adding {logging-channel-adapter:_org.springframework.integration.errorLogger} as a subscriber to the 'errorChannel' channel
2023-12-03T00:06:22.084-03:00  INFO 653656 --- [           main] o.s.i.channel.PublishSubscribeChannel    : Channel 'producer-rabbitmq.errorChannel' has 1 subscriber(s).
2023-12-03T00:06:22.085-03:00  INFO 653656 --- [           main] o.s.i.endpoint.EventDrivenConsumer       : started bean '_org.springframework.integration.errorLogger'
2023-12-03T00:06:22.086-03:00  INFO 653656 --- [           main] o.s.c.s.binder.DefaultBinderFactory      : Creating binder: integration
2023-12-03T00:06:22.087-03:00  INFO 653656 --- [           main] o.s.c.s.binder.DefaultBinderFactory      : Constructing binder child context for integration
2023-12-03T00:06:22.201-03:00  INFO 653656 --- [           main] o.s.c.s.binder.DefaultBinderFactory      : Caching the binder: integration
2023-12-03T00:06:22.209-03:00  INFO 653656 --- [           main] o.s.i.channel.PublishSubscribeChannel    : Channel 'output.destination' has 1 subscriber(s).
2023-12-03T00:06:22.212-03:00  INFO 653656 --- [           main] o.s.c.s.m.DirectWithAttributesChannel    : Channel 'producer-rabbitmq.output' has 1 subscriber(s).
2023-12-03T00:06:22.227-03:00  INFO 653656 --- [           main] .d.d.ProducerImpRabbitmqApplicationTests : Started ProducerImpRabbitmqApplicationTests in 3.174 seconds (process running for 4.411)
]]></system-out>
  </testcase>
</testsuite>